 2021-03-25 17:34:28 INFO  XcmRestAPI:18 - ************** Started TC 01 ************
2021-03-25 17:34:35 INFO  XcmRestAPI:32 - ************** Checking Response Body ****************
2021-03-25 17:34:35 INFO  XcmRestAPI:37 - Response Body==>{"status":"success","data":[{"id":1,"employee_name":"Tiger Nixon","employee_salary":320800,"employee_age":61,"profile_image":""},{"id":2,"employee_name":"Garrett Winters","employee_salary":170750,"employee_age":63,"profile_image":""},{"id":3,"employee_name":"Ashton Cox","employee_salary":86000,"employee_age":66,"profile_image":""},{"id":4,"employee_name":"Cedric Kelly","employee_salary":433060,"employee_age":22,"profile_image":""},{"id":5,"employee_name":"Airi Satou","employee_salary":162700,"employee_age":33,"profile_image":""},{"id":6,"employee_name":"Brielle Williamson","employee_salary":372000,"employee_age":61,"profile_image":""},{"id":7,"employee_name":"Herrod Chandler","employee_salary":137500,"employee_age":59,"profile_image":""},{"id":8,"employee_name":"Rhona Davidson","employee_salary":327900,"employee_age":55,"profile_image":""},{"id":9,"employee_name":"Colleen Hurst","employee_salary":205500,"employee_age":39,"profile_image":""},{"id":10,"employee_name":"Sonya Frost","employee_salary":103600,"employee_age":23,"profile_image":""},{"id":11,"employee_name":"Jena Gaines","employee_salary":90560,"employee_age":30,"profile_image":""},{"id":12,"employee_name":"Quinn Flynn","employee_salary":342000,"employee_age":22,"profile_image":""},{"id":13,"employee_name":"Charde Marshall","employee_salary":470600,"employee_age":36,"profile_image":""},{"id":14,"employee_name":"Haley Kennedy","employee_salary":313500,"employee_age":43,"profile_image":""},{"id":15,"employee_name":"Tatyana Fitzpatrick","employee_salary":385750,"employee_age":19,"profile_image":""},{"id":16,"employee_name":"Michael Silva","employee_salary":198500,"employee_age":66,"profile_image":""},{"id":17,"employee_name":"Paul Byrd","employee_salary":725000,"employee_age":64,"profile_image":""},{"id":18,"employee_name":"Gloria Little","employee_salary":237500,"employee_age":59,"profile_image":""},{"id":19,"employee_name":"Bradley Greer","employee_salary":132000,"employee_age":41,"profile_image":""},{"id":20,"employee_name":"Dai Rios","employee_salary":217500,"employee_age":35,"profile_image":""},{"id":21,"employee_name":"Jenette Caldwell","employee_salary":345000,"employee_age":30,"profile_image":""},{"id":22,"employee_name":"Yuri Berry","employee_salary":675000,"employee_age":40,"profile_image":""},{"id":23,"employee_name":"Caesar Vance","employee_salary":106450,"employee_age":21,"profile_image":""},{"id":24,"employee_name":"Doris Wilder","employee_salary":85600,"employee_age":23,"profile_image":""}],"message":"Successfully! All records has been fetched."}
2021-03-25 17:34:35 INFO  XcmRestAPI:47 - ************** Checking Status Code *****************
2021-03-25 17:34:35 INFO  XcmRestAPI:51 - Response Code ==>200
2021-03-25 18:33:29 INFO  XcmRestAPI:17 - ************** Started TC 01 ************
2021-03-25 18:33:36 INFO  XcmRestAPI:31 - ************** Checking Response Body ****************
2021-03-25 18:33:36 INFO  XcmRestAPI:36 - Response Body==>{"status":"success","data":[{"id":1,"employee_name":"Tiger Nixon","employee_salary":320800,"employee_age":61,"profile_image":""},{"id":2,"employee_name":"Garrett Winters","employee_salary":170750,"employee_age":63,"profile_image":""},{"id":3,"employee_name":"Ashton Cox","employee_salary":86000,"employee_age":66,"profile_image":""},{"id":4,"employee_name":"Cedric Kelly","employee_salary":433060,"employee_age":22,"profile_image":""},{"id":5,"employee_name":"Airi Satou","employee_salary":162700,"employee_age":33,"profile_image":""},{"id":6,"employee_name":"Brielle Williamson","employee_salary":372000,"employee_age":61,"profile_image":""},{"id":7,"employee_name":"Herrod Chandler","employee_salary":137500,"employee_age":59,"profile_image":""},{"id":8,"employee_name":"Rhona Davidson","employee_salary":327900,"employee_age":55,"profile_image":""},{"id":9,"employee_name":"Colleen Hurst","employee_salary":205500,"employee_age":39,"profile_image":""},{"id":10,"employee_name":"Sonya Frost","employee_salary":103600,"employee_age":23,"profile_image":""},{"id":11,"employee_name":"Jena Gaines","employee_salary":90560,"employee_age":30,"profile_image":""},{"id":12,"employee_name":"Quinn Flynn","employee_salary":342000,"employee_age":22,"profile_image":""},{"id":13,"employee_name":"Charde Marshall","employee_salary":470600,"employee_age":36,"profile_image":""},{"id":14,"employee_name":"Haley Kennedy","employee_salary":313500,"employee_age":43,"profile_image":""},{"id":15,"employee_name":"Tatyana Fitzpatrick","employee_salary":385750,"employee_age":19,"profile_image":""},{"id":16,"employee_name":"Michael Silva","employee_salary":198500,"employee_age":66,"profile_image":""},{"id":17,"employee_name":"Paul Byrd","employee_salary":725000,"employee_age":64,"profile_image":""},{"id":18,"employee_name":"Gloria Little","employee_salary":237500,"employee_age":59,"profile_image":""},{"id":19,"employee_name":"Bradley Greer","employee_salary":132000,"employee_age":41,"profile_image":""},{"id":20,"employee_name":"Dai Rios","employee_salary":217500,"employee_age":35,"profile_image":""},{"id":21,"employee_name":"Jenette Caldwell","employee_salary":345000,"employee_age":30,"profile_image":""},{"id":22,"employee_name":"Yuri Berry","employee_salary":675000,"employee_age":40,"profile_image":""},{"id":23,"employee_name":"Caesar Vance","employee_salary":106450,"employee_age":21,"profile_image":""},{"id":24,"employee_name":"Doris Wilder","employee_salary":85600,"employee_age":23,"profile_image":""}],"message":"Successfully! All records has been fetched."}
2021-03-25 18:33:36 INFO  XcmRestAPI:46 - ************** Checking Status Code *****************
2021-03-25 18:33:36 INFO  XcmRestAPI:50 - Response Code ==>200
2021-03-25 18:39:26 INFO  XcmRestAPI:17 - ************** Started TC 01 ************
2021-03-25 18:39:32 INFO  XcmRestAPI:31 - ************** Checking Response Body ****************
2021-03-25 18:39:32 INFO  XcmRestAPI:36 - Response Body==><!DOCTYPE html>
<html lang="en">
    <head><meta charset="utf-8">
        
        <meta name="viewport" content="width=device-width, initial-scale=1">

        <title>Too Many Requests</title>

        <!-- Fonts -->
        <link rel="dns-prefetch" href="//fonts.gstatic.com">
        <link href="https://fonts.googleapis.com/css?family=Nunito" rel="stylesheet">

        <!-- Styles -->
        <style>
            html, body {
                background-color: #fff;
                color: #636b6f;
                font-family: 'Nunito', sans-serif;
                font-weight: 100;
                height: 100vh;
                margin: 0;
            }

            .full-height {
                height: 100vh;
            }

            .flex-center {
                align-items: center;
                display: flex;
                justify-content: center;
            }

            .position-ref {
                position: relative;
            }

            .code {
                border-right: 2px solid;
                font-size: 26px;
                padding: 0 15px 0 15px;
                text-align: center;
            }

            .message {
                font-size: 18px;
                text-align: center;
            }
        </style>
    </head>
    <body>
        <div class="flex-center position-ref full-height">
            <div class="code">
                429            </div>

            <div class="message" style="padding: 10px;">
                Too Many Requests            </div>
        </div>
    <script type="text/javascript" onload="__ezcl.handle(true);" async src="/utilcave_com/inc/ezcl.webp?cb=4"></script></body>
</html>

2021-03-25 18:39:32 INFO  XcmRestAPI:46 - ************** Checking Status Code *****************
2021-03-25 18:39:32 INFO  XcmRestAPI:50 - Response Code ==>429
2021-03-25 18:40:16 INFO  XcmRestAPI:17 - ************** Started TC 01 ************
2021-03-25 18:40:22 INFO  XcmRestAPI:31 - ************** Checking Response Body ****************
2021-03-25 18:40:22 INFO  XcmRestAPI:36 - Response Body==><!DOCTYPE html>
<html lang="en">
    <head>
        <meta charset="utf-8">
        <meta name="viewport" content="width=device-width, initial-scale=1">

        <title>Too Many Requests</title>

        <!-- Fonts -->
        <link rel="dns-prefetch" href="//fonts.gstatic.com">
        <link href="https://fonts.googleapis.com/css?family=Nunito" rel="stylesheet">

        <!-- Styles -->
        <style>
            html, body {
                background-color: #fff;
                color: #636b6f;
                font-family: 'Nunito', sans-serif;
                font-weight: 100;
                height: 100vh;
                margin: 0;
            }

            .full-height {
                height: 100vh;
            }

            .flex-center {
                align-items: center;
                display: flex;
                justify-content: center;
            }

            .position-ref {
                position: relative;
            }

            .code {
                border-right: 2px solid;
                font-size: 26px;
                padding: 0 15px 0 15px;
                text-align: center;
            }

            .message {
                font-size: 18px;
                text-align: center;
            }
        </style>
    </head>
    <body>
        <div class="flex-center position-ref full-height">
            <div class="code">
                429            </div>

            <div class="message" style="padding: 10px;">
                Too Many Requests            </div>
        </div>
    </body>
</html>

2021-03-25 18:40:22 INFO  XcmRestAPI:46 - ************** Checking Status Code *****************
2021-03-25 18:40:22 INFO  XcmRestAPI:50 - Response Code ==>429
2021-03-25 18:47:31 INFO  XcmRestAPI:17 - ************** Started TC 01 ************
2021-03-25 18:47:37 INFO  XcmRestAPI:31 - ************** Checking Response Body ****************
2021-03-25 18:47:37 INFO  XcmRestAPI:36 - Response Body==>{"status":"success","data":[{"id":1,"employee_name":"Tiger Nixon","employee_salary":320800,"employee_age":61,"profile_image":""},{"id":2,"employee_name":"Garrett Winters","employee_salary":170750,"employee_age":63,"profile_image":""},{"id":3,"employee_name":"Ashton Cox","employee_salary":86000,"employee_age":66,"profile_image":""},{"id":4,"employee_name":"Cedric Kelly","employee_salary":433060,"employee_age":22,"profile_image":""},{"id":5,"employee_name":"Airi Satou","employee_salary":162700,"employee_age":33,"profile_image":""},{"id":6,"employee_name":"Brielle Williamson","employee_salary":372000,"employee_age":61,"profile_image":""},{"id":7,"employee_name":"Herrod Chandler","employee_salary":137500,"employee_age":59,"profile_image":""},{"id":8,"employee_name":"Rhona Davidson","employee_salary":327900,"employee_age":55,"profile_image":""},{"id":9,"employee_name":"Colleen Hurst","employee_salary":205500,"employee_age":39,"profile_image":""},{"id":10,"employee_name":"Sonya Frost","employee_salary":103600,"employee_age":23,"profile_image":""},{"id":11,"employee_name":"Jena Gaines","employee_salary":90560,"employee_age":30,"profile_image":""},{"id":12,"employee_name":"Quinn Flynn","employee_salary":342000,"employee_age":22,"profile_image":""},{"id":13,"employee_name":"Charde Marshall","employee_salary":470600,"employee_age":36,"profile_image":""},{"id":14,"employee_name":"Haley Kennedy","employee_salary":313500,"employee_age":43,"profile_image":""},{"id":15,"employee_name":"Tatyana Fitzpatrick","employee_salary":385750,"employee_age":19,"profile_image":""},{"id":16,"employee_name":"Michael Silva","employee_salary":198500,"employee_age":66,"profile_image":""},{"id":17,"employee_name":"Paul Byrd","employee_salary":725000,"employee_age":64,"profile_image":""},{"id":18,"employee_name":"Gloria Little","employee_salary":237500,"employee_age":59,"profile_image":""},{"id":19,"employee_name":"Bradley Greer","employee_salary":132000,"employee_age":41,"profile_image":""},{"id":20,"employee_name":"Dai Rios","employee_salary":217500,"employee_age":35,"profile_image":""},{"id":21,"employee_name":"Jenette Caldwell","employee_salary":345000,"employee_age":30,"profile_image":""},{"id":22,"employee_name":"Yuri Berry","employee_salary":675000,"employee_age":40,"profile_image":""},{"id":23,"employee_name":"Caesar Vance","employee_salary":106450,"employee_age":21,"profile_image":""},{"id":24,"employee_name":"Doris Wilder","employee_salary":85600,"employee_age":23,"profile_image":""}],"message":"Successfully! All records has been fetched."}
2021-03-25 18:47:37 INFO  XcmRestAPI:46 - ************** Checking Status Code *****************
2021-03-25 18:47:37 INFO  XcmRestAPI:50 - Response Code ==>200
2021-03-25 18:54:20 INFO  XcmRestAPI:17 - ************** Started TC 01 ************
2021-03-25 18:54:27 INFO  XcmRestAPI:31 - ************** Checking Response Body ****************
2021-03-25 18:54:27 INFO  XcmRestAPI:36 - Response Body==><!DOCTYPE html>
<html lang="en">
    <head>
        <meta charset="utf-8">
        <meta name="viewport" content="width=device-width, initial-scale=1">

        <title>Too Many Requests</title>

        <!-- Fonts -->
        <link rel="dns-prefetch" href="//fonts.gstatic.com">
        <link href="https://fonts.googleapis.com/css?family=Nunito" rel="stylesheet">

        <!-- Styles -->
        <style>
            html, body {
                background-color: #fff;
                color: #636b6f;
                font-family: 'Nunito', sans-serif;
                font-weight: 100;
                height: 100vh;
                margin: 0;
            }

            .full-height {
                height: 100vh;
            }

            .flex-center {
                align-items: center;
                display: flex;
                justify-content: center;
            }

            .position-ref {
                position: relative;
            }

            .code {
                border-right: 2px solid;
                font-size: 26px;
                padding: 0 15px 0 15px;
                text-align: center;
            }

            .message {
                font-size: 18px;
                text-align: center;
            }
        </style>
    </head>
    <body>
        <div class="flex-center position-ref full-height">
            <div class="code">
                429            </div>

            <div class="message" style="padding: 10px;">
                Too Many Requests            </div>
        </div>
    </body>
</html>

2021-03-25 18:54:27 INFO  XcmRestAPI:46 - ************** Checking Status Code *****************
2021-03-25 18:54:27 INFO  XcmRestAPI:50 - Response Code ==>429
2021-03-25 19:00:22 INFO  XcmRestAPI:17 - ************** Started TC 01 ************
2021-03-25 19:00:28 INFO  XcmRestAPI:31 - ************** Checking Response Body ****************
2021-03-25 19:00:28 INFO  XcmRestAPI:36 - Response Body==>{"status":"success","data":[{"id":1,"employee_name":"Tiger Nixon","employee_salary":320800,"employee_age":61,"profile_image":""},{"id":2,"employee_name":"Garrett Winters","employee_salary":170750,"employee_age":63,"profile_image":""},{"id":3,"employee_name":"Ashton Cox","employee_salary":86000,"employee_age":66,"profile_image":""},{"id":4,"employee_name":"Cedric Kelly","employee_salary":433060,"employee_age":22,"profile_image":""},{"id":5,"employee_name":"Airi Satou","employee_salary":162700,"employee_age":33,"profile_image":""},{"id":6,"employee_name":"Brielle Williamson","employee_salary":372000,"employee_age":61,"profile_image":""},{"id":7,"employee_name":"Herrod Chandler","employee_salary":137500,"employee_age":59,"profile_image":""},{"id":8,"employee_name":"Rhona Davidson","employee_salary":327900,"employee_age":55,"profile_image":""},{"id":9,"employee_name":"Colleen Hurst","employee_salary":205500,"employee_age":39,"profile_image":""},{"id":10,"employee_name":"Sonya Frost","employee_salary":103600,"employee_age":23,"profile_image":""},{"id":11,"employee_name":"Jena Gaines","employee_salary":90560,"employee_age":30,"profile_image":""},{"id":12,"employee_name":"Quinn Flynn","employee_salary":342000,"employee_age":22,"profile_image":""},{"id":13,"employee_name":"Charde Marshall","employee_salary":470600,"employee_age":36,"profile_image":""},{"id":14,"employee_name":"Haley Kennedy","employee_salary":313500,"employee_age":43,"profile_image":""},{"id":15,"employee_name":"Tatyana Fitzpatrick","employee_salary":385750,"employee_age":19,"profile_image":""},{"id":16,"employee_name":"Michael Silva","employee_salary":198500,"employee_age":66,"profile_image":""},{"id":17,"employee_name":"Paul Byrd","employee_salary":725000,"employee_age":64,"profile_image":""},{"id":18,"employee_name":"Gloria Little","employee_salary":237500,"employee_age":59,"profile_image":""},{"id":19,"employee_name":"Bradley Greer","employee_salary":132000,"employee_age":41,"profile_image":""},{"id":20,"employee_name":"Dai Rios","employee_salary":217500,"employee_age":35,"profile_image":""},{"id":21,"employee_name":"Jenette Caldwell","employee_salary":345000,"employee_age":30,"profile_image":""},{"id":22,"employee_name":"Yuri Berry","employee_salary":675000,"employee_age":40,"profile_image":""},{"id":23,"employee_name":"Caesar Vance","employee_salary":106450,"employee_age":21,"profile_image":""},{"id":24,"employee_name":"Doris Wilder","employee_salary":85600,"employee_age":23,"profile_image":""}],"message":"Successfully! All records has been fetched."}
2021-03-25 19:00:28 INFO  XcmRestAPI:46 - ************** Checking Status Code *****************
2021-03-25 19:00:28 INFO  XcmRestAPI:50 - Response Code ==>200
2021-03-25 19:13:30 INFO  XcmRestAPI:18 - ************** Started TC 01 ************
2021-03-25 19:13:37 INFO  XcmRestAPI:121 - ***********  Checking Content Lenght**********
2021-03-25 19:13:37 INFO  XcmRestAPI:124 - Content Length is==>631
2021-03-25 19:13:37 INFO  XcmRestAPI:88 - ***********  Checking Content Type **********
2021-03-25 19:13:37 INFO  XcmRestAPI:91 - Content type is ==>application/json
2021-03-25 19:13:37 INFO  XcmRestAPI:136 - ***********  Checking Cookies **********
2021-03-25 19:13:37 INFO  XcmRestAPI:32 - ************** Checking Response Body ****************
2021-03-25 19:13:37 INFO  XcmRestAPI:37 - Response Body==>{"status":"success","data":[{"id":1,"employee_name":"Tiger Nixon","employee_salary":320800,"employee_age":61,"profile_image":""},{"id":2,"employee_name":"Garrett Winters","employee_salary":170750,"employee_age":63,"profile_image":""},{"id":3,"employee_name":"Ashton Cox","employee_salary":86000,"employee_age":66,"profile_image":""},{"id":4,"employee_name":"Cedric Kelly","employee_salary":433060,"employee_age":22,"profile_image":""},{"id":5,"employee_name":"Airi Satou","employee_salary":162700,"employee_age":33,"profile_image":""},{"id":6,"employee_name":"Brielle Williamson","employee_salary":372000,"employee_age":61,"profile_image":""},{"id":7,"employee_name":"Herrod Chandler","employee_salary":137500,"employee_age":59,"profile_image":""},{"id":8,"employee_name":"Rhona Davidson","employee_salary":327900,"employee_age":55,"profile_image":""},{"id":9,"employee_name":"Colleen Hurst","employee_salary":205500,"employee_age":39,"profile_image":""},{"id":10,"employee_name":"Sonya Frost","employee_salary":103600,"employee_age":23,"profile_image":""},{"id":11,"employee_name":"Jena Gaines","employee_salary":90560,"employee_age":30,"profile_image":""},{"id":12,"employee_name":"Quinn Flynn","employee_salary":342000,"employee_age":22,"profile_image":""},{"id":13,"employee_name":"Charde Marshall","employee_salary":470600,"employee_age":36,"profile_image":""},{"id":14,"employee_name":"Haley Kennedy","employee_salary":313500,"employee_age":43,"profile_image":""},{"id":15,"employee_name":"Tatyana Fitzpatrick","employee_salary":385750,"employee_age":19,"profile_image":""},{"id":16,"employee_name":"Michael Silva","employee_salary":198500,"employee_age":66,"profile_image":""},{"id":17,"employee_name":"Paul Byrd","employee_salary":725000,"employee_age":64,"profile_image":""},{"id":18,"employee_name":"Gloria Little","employee_salary":237500,"employee_age":59,"profile_image":""},{"id":19,"employee_name":"Bradley Greer","employee_salary":132000,"employee_age":41,"profile_image":""},{"id":20,"employee_name":"Dai Rios","employee_salary":217500,"employee_age":35,"profile_image":""},{"id":21,"employee_name":"Jenette Caldwell","employee_salary":345000,"employee_age":30,"profile_image":""},{"id":22,"employee_name":"Yuri Berry","employee_salary":675000,"employee_age":40,"profile_image":""},{"id":23,"employee_name":"Caesar Vance","employee_salary":106450,"employee_age":21,"profile_image":""},{"id":24,"employee_name":"Doris Wilder","employee_salary":85600,"employee_age":23,"profile_image":""}],"message":"Successfully! All records has been fetched."}
2021-03-25 19:13:37 INFO  XcmRestAPI:59 - ***********  Checking Response Time **********
2021-03-25 19:13:37 INFO  XcmRestAPI:62 - Response Time is ==>2539
2021-03-25 19:13:37 WARN  XcmRestAPI:65 - Response Time is greater than 2000
2021-03-25 19:13:37 INFO  XcmRestAPI:47 - ************** Checking Status Code *****************
2021-03-25 19:13:37 INFO  XcmRestAPI:51 - Response Code ==>200
2021-03-25 19:13:37 INFO  XcmRestAPI:109 - ***********  Checking Content Encoding**********
2021-03-25 19:13:37 INFO  XcmRestAPI:112 - Content Encoding is==>gzip
2021-03-25 19:13:37 INFO  XcmRestAPI:98 - ***********  Checking Server Type **********
2021-03-25 19:13:37 INFO  XcmRestAPI:101 - Server Type is =>nginx/1.16.0
2021-03-25 19:13:37 INFO  XcmRestAPI:75 - ***********  Checking Status Line **********
2021-03-25 19:13:37 INFO  XcmRestAPI:78 - Status Line is ==>HTTP/1.1 200 OK
2021-03-25 19:13:37 INFO  XcmRestAPI:146 - *********  Finished TC001_Get_All_Employees **********
2021-03-25 19:16:24 INFO  XcmRestAPI:18 - ************** Started TC 01 ************
2021-03-25 19:16:31 INFO  XcmRestAPI:121 - ***********  Checking Content Lenght**********
2021-03-25 19:16:31 INFO  XcmRestAPI:124 - Content Length is==>631
2021-03-25 19:16:31 INFO  XcmRestAPI:88 - ***********  Checking Content Type **********
2021-03-25 19:16:31 INFO  XcmRestAPI:91 - Content type is ==>application/json
2021-03-25 19:16:31 INFO  XcmRestAPI:136 - ***********  Checking Cookies **********
2021-03-25 19:16:31 INFO  XcmRestAPI:32 - ************** Checking Response Body ****************
2021-03-25 19:16:31 INFO  XcmRestAPI:37 - Response Body==>{"status":"success","data":[{"id":1,"employee_name":"Tiger Nixon","employee_salary":320800,"employee_age":61,"profile_image":""},{"id":2,"employee_name":"Garrett Winters","employee_salary":170750,"employee_age":63,"profile_image":""},{"id":3,"employee_name":"Ashton Cox","employee_salary":86000,"employee_age":66,"profile_image":""},{"id":4,"employee_name":"Cedric Kelly","employee_salary":433060,"employee_age":22,"profile_image":""},{"id":5,"employee_name":"Airi Satou","employee_salary":162700,"employee_age":33,"profile_image":""},{"id":6,"employee_name":"Brielle Williamson","employee_salary":372000,"employee_age":61,"profile_image":""},{"id":7,"employee_name":"Herrod Chandler","employee_salary":137500,"employee_age":59,"profile_image":""},{"id":8,"employee_name":"Rhona Davidson","employee_salary":327900,"employee_age":55,"profile_image":""},{"id":9,"employee_name":"Colleen Hurst","employee_salary":205500,"employee_age":39,"profile_image":""},{"id":10,"employee_name":"Sonya Frost","employee_salary":103600,"employee_age":23,"profile_image":""},{"id":11,"employee_name":"Jena Gaines","employee_salary":90560,"employee_age":30,"profile_image":""},{"id":12,"employee_name":"Quinn Flynn","employee_salary":342000,"employee_age":22,"profile_image":""},{"id":13,"employee_name":"Charde Marshall","employee_salary":470600,"employee_age":36,"profile_image":""},{"id":14,"employee_name":"Haley Kennedy","employee_salary":313500,"employee_age":43,"profile_image":""},{"id":15,"employee_name":"Tatyana Fitzpatrick","employee_salary":385750,"employee_age":19,"profile_image":""},{"id":16,"employee_name":"Michael Silva","employee_salary":198500,"employee_age":66,"profile_image":""},{"id":17,"employee_name":"Paul Byrd","employee_salary":725000,"employee_age":64,"profile_image":""},{"id":18,"employee_name":"Gloria Little","employee_salary":237500,"employee_age":59,"profile_image":""},{"id":19,"employee_name":"Bradley Greer","employee_salary":132000,"employee_age":41,"profile_image":""},{"id":20,"employee_name":"Dai Rios","employee_salary":217500,"employee_age":35,"profile_image":""},{"id":21,"employee_name":"Jenette Caldwell","employee_salary":345000,"employee_age":30,"profile_image":""},{"id":22,"employee_name":"Yuri Berry","employee_salary":675000,"employee_age":40,"profile_image":""},{"id":23,"employee_name":"Caesar Vance","employee_salary":106450,"employee_age":21,"profile_image":""},{"id":24,"employee_name":"Doris Wilder","employee_salary":85600,"employee_age":23,"profile_image":""}],"message":"Successfully! All records has been fetched."}
2021-03-25 19:16:31 INFO  XcmRestAPI:59 - ***********  Checking Response Time **********
2021-03-25 19:16:31 INFO  XcmRestAPI:62 - Response Time is ==>2332
2021-03-25 19:16:31 WARN  XcmRestAPI:65 - Response Time is greater than 2000
2021-03-25 19:16:31 INFO  XcmRestAPI:47 - ************** Checking Status Code *****************
2021-03-25 19:16:31 INFO  XcmRestAPI:51 - Response Code ==>200
2021-03-25 19:16:31 INFO  XcmRestAPI:109 - ***********  Checking Content Encoding**********
2021-03-25 19:16:31 INFO  XcmRestAPI:112 - Content Encoding is==>gzip
2021-03-25 19:16:31 INFO  XcmRestAPI:75 - ***********  Checking Status Line **********
2021-03-25 19:16:31 INFO  XcmRestAPI:78 - Status Line is ==>HTTP/1.1 200 OK
2021-03-25 19:16:31 INFO  XcmRestAPI:146 - *********  Finished TC001_Get_All_Employees **********
2021-03-25 19:17:42 INFO  XcmRestAPI:18 - ************** Started TC 01 ************
2021-03-25 19:17:48 INFO  XcmRestAPI:121 - ***********  Checking Content Lenght**********
2021-03-25 19:17:48 INFO  XcmRestAPI:124 - Content Length is==>631
2021-03-25 19:17:48 INFO  XcmRestAPI:88 - ***********  Checking Content Type **********
2021-03-25 19:17:48 INFO  XcmRestAPI:91 - Content type is ==>application/json
2021-03-25 19:17:48 INFO  XcmRestAPI:136 - ***********  Checking Cookies **********
2021-03-25 19:17:48 INFO  XcmRestAPI:32 - ************** Checking Response Body ****************
2021-03-25 19:17:48 INFO  XcmRestAPI:37 - Response Body==>{"status":"success","data":[{"id":1,"employee_name":"Tiger Nixon","employee_salary":320800,"employee_age":61,"profile_image":""},{"id":2,"employee_name":"Garrett Winters","employee_salary":170750,"employee_age":63,"profile_image":""},{"id":3,"employee_name":"Ashton Cox","employee_salary":86000,"employee_age":66,"profile_image":""},{"id":4,"employee_name":"Cedric Kelly","employee_salary":433060,"employee_age":22,"profile_image":""},{"id":5,"employee_name":"Airi Satou","employee_salary":162700,"employee_age":33,"profile_image":""},{"id":6,"employee_name":"Brielle Williamson","employee_salary":372000,"employee_age":61,"profile_image":""},{"id":7,"employee_name":"Herrod Chandler","employee_salary":137500,"employee_age":59,"profile_image":""},{"id":8,"employee_name":"Rhona Davidson","employee_salary":327900,"employee_age":55,"profile_image":""},{"id":9,"employee_name":"Colleen Hurst","employee_salary":205500,"employee_age":39,"profile_image":""},{"id":10,"employee_name":"Sonya Frost","employee_salary":103600,"employee_age":23,"profile_image":""},{"id":11,"employee_name":"Jena Gaines","employee_salary":90560,"employee_age":30,"profile_image":""},{"id":12,"employee_name":"Quinn Flynn","employee_salary":342000,"employee_age":22,"profile_image":""},{"id":13,"employee_name":"Charde Marshall","employee_salary":470600,"employee_age":36,"profile_image":""},{"id":14,"employee_name":"Haley Kennedy","employee_salary":313500,"employee_age":43,"profile_image":""},{"id":15,"employee_name":"Tatyana Fitzpatrick","employee_salary":385750,"employee_age":19,"profile_image":""},{"id":16,"employee_name":"Michael Silva","employee_salary":198500,"employee_age":66,"profile_image":""},{"id":17,"employee_name":"Paul Byrd","employee_salary":725000,"employee_age":64,"profile_image":""},{"id":18,"employee_name":"Gloria Little","employee_salary":237500,"employee_age":59,"profile_image":""},{"id":19,"employee_name":"Bradley Greer","employee_salary":132000,"employee_age":41,"profile_image":""},{"id":20,"employee_name":"Dai Rios","employee_salary":217500,"employee_age":35,"profile_image":""},{"id":21,"employee_name":"Jenette Caldwell","employee_salary":345000,"employee_age":30,"profile_image":""},{"id":22,"employee_name":"Yuri Berry","employee_salary":675000,"employee_age":40,"profile_image":""},{"id":23,"employee_name":"Caesar Vance","employee_salary":106450,"employee_age":21,"profile_image":""},{"id":24,"employee_name":"Doris Wilder","employee_salary":85600,"employee_age":23,"profile_image":""}],"message":"Successfully! All records has been fetched."}
2021-03-25 19:17:48 INFO  XcmRestAPI:59 - ***********  Checking Response Time **********
2021-03-25 19:17:48 INFO  XcmRestAPI:62 - Response Time is ==>1734
2021-03-25 19:17:48 INFO  XcmRestAPI:47 - ************** Checking Status Code *****************
2021-03-25 19:17:48 INFO  XcmRestAPI:51 - Response Code ==>200
2021-03-25 19:17:48 INFO  XcmRestAPI:109 - ***********  Checking Content Encoding**********
2021-03-25 19:17:48 INFO  XcmRestAPI:112 - Content Encoding is==>gzip
2021-03-25 19:17:48 INFO  XcmRestAPI:75 - ***********  Checking Status Line **********
2021-03-25 19:17:48 INFO  XcmRestAPI:78 - Status Line is ==>HTTP/1.1 200 OK
2021-03-25 19:17:48 INFO  XcmRestAPI:146 - *********  Finished TC001_Get_All_Employees **********
2021-03-25 19:19:42 INFO  XcmRestAPI:18 - ************** Started TC 01 ************
2021-03-25 19:19:49 INFO  XcmRestAPI:88 - ***********  Checking Content Type **********
2021-03-25 19:19:49 INFO  XcmRestAPI:91 - Content type is ==>text/html; charset=UTF-8
2021-03-25 19:19:49 INFO  XcmRestAPI:32 - ************** Checking Response Body ****************
2021-03-25 19:19:49 INFO  XcmRestAPI:37 - Response Body==><!DOCTYPE html>
<html lang="en">
    <head>
        <meta charset="utf-8">
        <meta name="viewport" content="width=device-width, initial-scale=1">

        <title>Too Many Requests</title>

        <!-- Fonts -->
        <link rel="dns-prefetch" href="//fonts.gstatic.com">
        <link href="https://fonts.googleapis.com/css?family=Nunito" rel="stylesheet">

        <!-- Styles -->
        <style>
            html, body {
                background-color: #fff;
                color: #636b6f;
                font-family: 'Nunito', sans-serif;
                font-weight: 100;
                height: 100vh;
                margin: 0;
            }

            .full-height {
                height: 100vh;
            }

            .flex-center {
                align-items: center;
                display: flex;
                justify-content: center;
            }

            .position-ref {
                position: relative;
            }

            .code {
                border-right: 2px solid;
                font-size: 26px;
                padding: 0 15px 0 15px;
                text-align: center;
            }

            .message {
                font-size: 18px;
                text-align: center;
            }
        </style>
    </head>
    <body>
        <div class="flex-center position-ref full-height">
            <div class="code">
                429            </div>

            <div class="message" style="padding: 10px;">
                Too Many Requests            </div>
        </div>
    </body>
</html>

2021-03-25 19:19:49 INFO  XcmRestAPI:59 - ***********  Checking Response Time **********
2021-03-25 19:19:49 INFO  XcmRestAPI:62 - Response Time is ==>2929
2021-03-25 19:19:49 WARN  XcmRestAPI:65 - Response Time is greater than 2000
2021-03-25 19:19:49 INFO  XcmRestAPI:47 - ************** Checking Status Code *****************
2021-03-25 19:19:49 INFO  XcmRestAPI:51 - Response Code ==>429
2021-03-25 19:19:49 INFO  XcmRestAPI:109 - ***********  Checking Content Encoding**********
2021-03-25 19:19:49 INFO  XcmRestAPI:112 - Content Encoding is==>gzip
2021-03-25 19:19:49 INFO  XcmRestAPI:75 - ***********  Checking Status Line **********
2021-03-25 19:19:49 INFO  XcmRestAPI:78 - Status Line is ==>HTTP/1.1 429 Too Many Requests
2021-03-25 19:19:49 INFO  XcmRestAPI:146 - *********  Finished TC001_Get_All_Employees **********
2021-03-25 20:15:34 INFO  XcmRestAPI:46 - *********Started TC03_PostEmployeRecord **********
2021-03-25 20:15:42 INFO  XcmRestAPI:120 - *********  Finished TC03**********
2021-03-25 20:15:42 INFO  XcmRestAPI:40 - *********Started TC02_GetSingleEmploye **********
2021-03-25 20:15:51 INFO  XcmRestAPI:103 - *********  Finished TC02**********
2021-03-25 20:15:51 INFO  XcmRestAPI:34 - ************** Started TC 01 ************
2021-03-25 20:15:55 INFO  XcmRestAPI:104 - ***********  Checking Content Type **********
2021-03-25 20:15:55 INFO  XcmRestAPI:107 - Content type is ==>text/html; charset=UTF-8
2021-03-25 20:15:55 INFO  XcmRestAPI:48 - ************** Checking Response Body ****************
2021-03-25 20:15:55 INFO  XcmRestAPI:53 - Response Body==><!DOCTYPE html>
<html lang="en">
    <head>
        <meta charset="utf-8">
        <meta name="viewport" content="width=device-width, initial-scale=1">

        <title>Too Many Requests</title>

        <!-- Fonts -->
        <link rel="dns-prefetch" href="//fonts.gstatic.com">
        <link href="https://fonts.googleapis.com/css?family=Nunito" rel="stylesheet">

        <!-- Styles -->
        <style>
            html, body {
                background-color: #fff;
                color: #636b6f;
                font-family: 'Nunito', sans-serif;
                font-weight: 100;
                height: 100vh;
                margin: 0;
            }

            .full-height {
                height: 100vh;
            }

            .flex-center {
                align-items: center;
                display: flex;
                justify-content: center;
            }

            .position-ref {
                position: relative;
            }

            .code {
                border-right: 2px solid;
                font-size: 26px;
                padding: 0 15px 0 15px;
                text-align: center;
            }

            .message {
                font-size: 18px;
                text-align: center;
            }
        </style>
    </head>
    <body>
        <div class="flex-center position-ref full-height">
            <div class="code">
                429            </div>

            <div class="message" style="padding: 10px;">
                Too Many Requests            </div>
        </div>
    </body>
</html>

2021-03-25 20:15:55 INFO  XcmRestAPI:75 - ***********  Checking Response Time **********
2021-03-25 20:15:55 INFO  XcmRestAPI:78 - Response Time is ==>1406
2021-03-25 20:15:55 INFO  XcmRestAPI:63 - ************** Checking Status Code *****************
2021-03-25 20:15:55 INFO  XcmRestAPI:67 - Response Code ==>429
2021-03-25 20:15:55 INFO  XcmRestAPI:125 - ***********  Checking Content Encoding**********
2021-03-25 20:15:55 INFO  XcmRestAPI:128 - Content Encoding is==>gzip
2021-03-25 20:15:55 INFO  XcmRestAPI:91 - ***********  Checking Status Line **********
2021-03-25 20:15:55 INFO  XcmRestAPI:94 - Status Line is ==>HTTP/1.1 429 Too Many Requests
2021-03-25 20:15:55 INFO  XcmRestAPI:162 - *********  Finished TC01**********
2021-03-25 20:15:55 INFO  XcmRestAPI:41 - *********Started TC05_DeleteEmplyeRecord**********
2021-03-25 20:15:56 INFO  XcmRestAPI:46 - *********Started TC04_PutEmployeRecord **********
2021-03-25 20:16:03 INFO  XcmRestAPI:121 - *********  Finished TC04**********
2021-03-25 20:23:10 INFO  XcmRestAPI:34 - ************** Started TC 01 ************
2021-03-25 20:23:17 INFO  XcmRestAPI:104 - ***********  Checking Content Type **********
2021-03-25 20:23:17 INFO  XcmRestAPI:107 - Content type is ==>application/json
2021-03-25 20:23:17 INFO  XcmRestAPI:48 - ************** Checking Response Body ****************
2021-03-25 20:23:17 INFO  XcmRestAPI:53 - Response Body==>{"status":"success","data":[{"id":1,"employee_name":"Tiger Nixon","employee_salary":320800,"employee_age":61,"profile_image":""},{"id":2,"employee_name":"Garrett Winters","employee_salary":170750,"employee_age":63,"profile_image":""},{"id":3,"employee_name":"Ashton Cox","employee_salary":86000,"employee_age":66,"profile_image":""},{"id":4,"employee_name":"Cedric Kelly","employee_salary":433060,"employee_age":22,"profile_image":""},{"id":5,"employee_name":"Airi Satou","employee_salary":162700,"employee_age":33,"profile_image":""},{"id":6,"employee_name":"Brielle Williamson","employee_salary":372000,"employee_age":61,"profile_image":""},{"id":7,"employee_name":"Herrod Chandler","employee_salary":137500,"employee_age":59,"profile_image":""},{"id":8,"employee_name":"Rhona Davidson","employee_salary":327900,"employee_age":55,"profile_image":""},{"id":9,"employee_name":"Colleen Hurst","employee_salary":205500,"employee_age":39,"profile_image":""},{"id":10,"employee_name":"Sonya Frost","employee_salary":103600,"employee_age":23,"profile_image":""},{"id":11,"employee_name":"Jena Gaines","employee_salary":90560,"employee_age":30,"profile_image":""},{"id":12,"employee_name":"Quinn Flynn","employee_salary":342000,"employee_age":22,"profile_image":""},{"id":13,"employee_name":"Charde Marshall","employee_salary":470600,"employee_age":36,"profile_image":""},{"id":14,"employee_name":"Haley Kennedy","employee_salary":313500,"employee_age":43,"profile_image":""},{"id":15,"employee_name":"Tatyana Fitzpatrick","employee_salary":385750,"employee_age":19,"profile_image":""},{"id":16,"employee_name":"Michael Silva","employee_salary":198500,"employee_age":66,"profile_image":""},{"id":17,"employee_name":"Paul Byrd","employee_salary":725000,"employee_age":64,"profile_image":""},{"id":18,"employee_name":"Gloria Little","employee_salary":237500,"employee_age":59,"profile_image":""},{"id":19,"employee_name":"Bradley Greer","employee_salary":132000,"employee_age":41,"profile_image":""},{"id":20,"employee_name":"Dai Rios","employee_salary":217500,"employee_age":35,"profile_image":""},{"id":21,"employee_name":"Jenette Caldwell","employee_salary":345000,"employee_age":30,"profile_image":""},{"id":22,"employee_name":"Yuri Berry","employee_salary":675000,"employee_age":40,"profile_image":""},{"id":23,"employee_name":"Caesar Vance","employee_salary":106450,"employee_age":21,"profile_image":""},{"id":24,"employee_name":"Doris Wilder","employee_salary":85600,"employee_age":23,"profile_image":""}],"message":"Successfully! All records has been fetched."}
2021-03-25 20:23:17 INFO  XcmRestAPI:75 - ***********  Checking Response Time **********
2021-03-25 20:23:17 INFO  XcmRestAPI:78 - Response Time is ==>2397
2021-03-25 20:23:17 WARN  XcmRestAPI:81 - Response Time is greater than 2000
2021-03-25 20:23:17 INFO  XcmRestAPI:63 - ************** Checking Status Code *****************
2021-03-25 20:23:17 INFO  XcmRestAPI:67 - Response Code ==>200
2021-03-25 20:23:17 INFO  XcmRestAPI:125 - ***********  Checking Content Encoding**********
2021-03-25 20:23:17 INFO  XcmRestAPI:128 - Content Encoding is==>gzip
2021-03-25 20:23:17 INFO  XcmRestAPI:91 - ***********  Checking Status Line **********
2021-03-25 20:23:17 INFO  XcmRestAPI:94 - Status Line is ==>HTTP/1.1 200 OK
2021-03-25 20:23:17 INFO  XcmRestAPI:162 - *********  Finished TC01**********
2021-03-25 20:23:17 INFO  XcmRestAPI:40 - *********Started TC02_GetSingleEmploye **********
2021-03-25 20:23:26 INFO  XcmRestAPI:103 - *********  Finished TC02**********
2021-03-25 20:23:26 INFO  XcmRestAPI:46 - *********Started TC03_PostEmployeRecord **********
2021-03-25 20:23:32 INFO  XcmRestAPI:120 - *********  Finished TC03**********
2021-03-25 20:23:32 INFO  XcmRestAPI:46 - *********Started TC04_PutEmployeRecord **********
2021-03-25 20:23:39 INFO  XcmRestAPI:121 - *********  Finished TC04**********
2021-03-25 20:23:39 INFO  XcmRestAPI:41 - *********Started TC05_DeleteEmplyeRecord**********
2021-03-25 20:33:29 INFO  XcmRestAPI:34 - ************** Started TC 01 ************
2021-03-25 20:33:35 INFO  XcmRestAPI:104 - ***********  Checking Content Type **********
2021-03-25 20:33:35 INFO  XcmRestAPI:107 - Content type is ==>application/json
2021-03-25 20:33:35 INFO  XcmRestAPI:48 - ************** Checking Response Body ****************
2021-03-25 20:33:35 INFO  XcmRestAPI:53 - Response Body==>{"status":"success","data":[{"id":1,"employee_name":"Tiger Nixon","employee_salary":320800,"employee_age":61,"profile_image":""},{"id":2,"employee_name":"Garrett Winters","employee_salary":170750,"employee_age":63,"profile_image":""},{"id":3,"employee_name":"Ashton Cox","employee_salary":86000,"employee_age":66,"profile_image":""},{"id":4,"employee_name":"Cedric Kelly","employee_salary":433060,"employee_age":22,"profile_image":""},{"id":5,"employee_name":"Airi Satou","employee_salary":162700,"employee_age":33,"profile_image":""},{"id":6,"employee_name":"Brielle Williamson","employee_salary":372000,"employee_age":61,"profile_image":""},{"id":7,"employee_name":"Herrod Chandler","employee_salary":137500,"employee_age":59,"profile_image":""},{"id":8,"employee_name":"Rhona Davidson","employee_salary":327900,"employee_age":55,"profile_image":""},{"id":9,"employee_name":"Colleen Hurst","employee_salary":205500,"employee_age":39,"profile_image":""},{"id":10,"employee_name":"Sonya Frost","employee_salary":103600,"employee_age":23,"profile_image":""},{"id":11,"employee_name":"Jena Gaines","employee_salary":90560,"employee_age":30,"profile_image":""},{"id":12,"employee_name":"Quinn Flynn","employee_salary":342000,"employee_age":22,"profile_image":""},{"id":13,"employee_name":"Charde Marshall","employee_salary":470600,"employee_age":36,"profile_image":""},{"id":14,"employee_name":"Haley Kennedy","employee_salary":313500,"employee_age":43,"profile_image":""},{"id":15,"employee_name":"Tatyana Fitzpatrick","employee_salary":385750,"employee_age":19,"profile_image":""},{"id":16,"employee_name":"Michael Silva","employee_salary":198500,"employee_age":66,"profile_image":""},{"id":17,"employee_name":"Paul Byrd","employee_salary":725000,"employee_age":64,"profile_image":""},{"id":18,"employee_name":"Gloria Little","employee_salary":237500,"employee_age":59,"profile_image":""},{"id":19,"employee_name":"Bradley Greer","employee_salary":132000,"employee_age":41,"profile_image":""},{"id":20,"employee_name":"Dai Rios","employee_salary":217500,"employee_age":35,"profile_image":""},{"id":21,"employee_name":"Jenette Caldwell","employee_salary":345000,"employee_age":30,"profile_image":""},{"id":22,"employee_name":"Yuri Berry","employee_salary":675000,"employee_age":40,"profile_image":""},{"id":23,"employee_name":"Caesar Vance","employee_salary":106450,"employee_age":21,"profile_image":""},{"id":24,"employee_name":"Doris Wilder","employee_salary":85600,"employee_age":23,"profile_image":""}],"message":"Successfully! All records has been fetched."}
2021-03-25 20:33:35 INFO  XcmRestAPI:75 - ***********  Checking Response Time **********
2021-03-25 20:33:35 INFO  XcmRestAPI:78 - Response Time is ==>1964
2021-03-25 20:33:35 INFO  XcmRestAPI:63 - ************** Checking Status Code *****************
2021-03-25 20:33:35 INFO  XcmRestAPI:67 - Response Code ==>200
2021-03-25 20:33:35 INFO  XcmRestAPI:125 - ***********  Checking Content Encoding**********
2021-03-25 20:33:35 INFO  XcmRestAPI:128 - Content Encoding is==>gzip
2021-03-25 20:33:35 INFO  XcmRestAPI:91 - ***********  Checking Status Line **********
2021-03-25 20:33:35 INFO  XcmRestAPI:94 - Status Line is ==>HTTP/1.1 200 OK
2021-03-25 20:33:35 INFO  XcmRestAPI:162 - *********  Finished TC01**********
2021-03-25 20:33:35 INFO  XcmRestAPI:40 - *********Started TC02_GetSingleEmploye **********
2021-03-25 20:33:43 INFO  XcmRestAPI:103 - *********  Finished TC02**********
2021-03-25 20:33:43 INFO  XcmRestAPI:46 - *********Started TC03_PostEmployeRecord **********
2021-03-25 20:33:50 INFO  XcmRestAPI:120 - *********  Finished TC03**********
2021-03-25 20:33:50 INFO  XcmRestAPI:46 - *********Started TC04_PutEmployeRecord **********
2021-03-25 20:33:56 INFO  XcmRestAPI:121 - *********  Finished TC04**********
2021-03-25 20:33:56 INFO  XcmRestAPI:41 - *********Started TC05_DeleteEmplyeRecord**********
2021-04-27 22:54:00 INFO  XcmRestAPI:34 - ************** Started TC 01 ************
2021-04-27 22:54:07 INFO  XcmRestAPI:48 - ************** Checking Response Body ****************
2021-04-27 22:54:07 INFO  XcmRestAPI:53 - Response Body==>{"status":"success","data":[{"id":1,"employee_name":"Tiger Nixon","employee_salary":320800,"employee_age":61,"profile_image":""},{"id":2,"employee_name":"Garrett Winters","employee_salary":170750,"employee_age":63,"profile_image":""},{"id":3,"employee_name":"Ashton Cox","employee_salary":86000,"employee_age":66,"profile_image":""},{"id":4,"employee_name":"Cedric Kelly","employee_salary":433060,"employee_age":22,"profile_image":""},{"id":5,"employee_name":"Airi Satou","employee_salary":162700,"employee_age":33,"profile_image":""},{"id":6,"employee_name":"Brielle Williamson","employee_salary":372000,"employee_age":61,"profile_image":""},{"id":7,"employee_name":"Herrod Chandler","employee_salary":137500,"employee_age":59,"profile_image":""},{"id":8,"employee_name":"Rhona Davidson","employee_salary":327900,"employee_age":55,"profile_image":""},{"id":9,"employee_name":"Colleen Hurst","employee_salary":205500,"employee_age":39,"profile_image":""},{"id":10,"employee_name":"Sonya Frost","employee_salary":103600,"employee_age":23,"profile_image":""},{"id":11,"employee_name":"Jena Gaines","employee_salary":90560,"employee_age":30,"profile_image":""},{"id":12,"employee_name":"Quinn Flynn","employee_salary":342000,"employee_age":22,"profile_image":""},{"id":13,"employee_name":"Charde Marshall","employee_salary":470600,"employee_age":36,"profile_image":""},{"id":14,"employee_name":"Haley Kennedy","employee_salary":313500,"employee_age":43,"profile_image":""},{"id":15,"employee_name":"Tatyana Fitzpatrick","employee_salary":385750,"employee_age":19,"profile_image":""},{"id":16,"employee_name":"Michael Silva","employee_salary":198500,"employee_age":66,"profile_image":""},{"id":17,"employee_name":"Paul Byrd","employee_salary":725000,"employee_age":64,"profile_image":""},{"id":18,"employee_name":"Gloria Little","employee_salary":237500,"employee_age":59,"profile_image":""},{"id":19,"employee_name":"Bradley Greer","employee_salary":132000,"employee_age":41,"profile_image":""},{"id":20,"employee_name":"Dai Rios","employee_salary":217500,"employee_age":35,"profile_image":""},{"id":21,"employee_name":"Jenette Caldwell","employee_salary":345000,"employee_age":30,"profile_image":""},{"id":22,"employee_name":"Yuri Berry","employee_salary":675000,"employee_age":40,"profile_image":""},{"id":23,"employee_name":"Caesar Vance","employee_salary":106450,"employee_age":21,"profile_image":""},{"id":24,"employee_name":"Doris Wilder","employee_salary":85600,"employee_age":23,"profile_image":""}],"message":"Successfully! All records has been fetched."}
2021-04-27 22:54:07 INFO  XcmRestAPI:162 - *********  Finished TC01**********
